mode: set
github.com/chack-check/organizations-service/domain/membership/models/main.go:14.53,16.2 1 1
github.com/chack-check/organizations-service/domain/membership/models/main.go:18.53,20.2 1 1
github.com/chack-check/organizations-service/domain/membership/models/main.go:28.47,30.2 1 1
github.com/chack-check/organizations-service/domain/membership/models/main.go:32.47,34.2 1 1
github.com/chack-check/organizations-service/domain/membership/models/main.go:36.64,38.2 1 1
github.com/chack-check/organizations-service/domain/membership/models/main.go:47.30,49.2 1 0
github.com/chack-check/organizations-service/domain/membership/models/main.go:51.35,53.2 1 1
github.com/chack-check/organizations-service/domain/membership/models/main.go:55.40,57.2 1 0
github.com/chack-check/organizations-service/domain/membership/models/main.go:59.35,61.2 1 1
github.com/chack-check/organizations-service/domain/membership/models/main.go:63.40,65.2 1 0
github.com/chack-check/organizations-service/domain/membership/models/main.go:67.48,69.2 1 1
github.com/chack-check/organizations-service/domain/membership/models/main.go:71.60,73.2 1 1
github.com/chack-check/organizations-service/domain/membership/models/main.go:81.38,83.2 1 1
github.com/chack-check/organizations-service/domain/membership/models/main.go:85.38,87.2 1 1
github.com/chack-check/organizations-service/domain/membership/models/main.go:89.52,91.2 1 1
github.com/chack-check/organizations-service/domain/membership/models/main.go:93.43,95.2 1 1
github.com/chack-check/organizations-service/domain/membership/models/main.go:97.65,98.47 1 1
github.com/chack-check/organizations-service/domain/membership/models/main.go:98.47,99.39 1 1
github.com/chack-check/organizations-service/domain/membership/models/main.go:99.39,101.4 1 1
github.com/chack-check/organizations-service/domain/membership/models/main.go:104.2,104.57 1 1
github.com/chack-check/organizations-service/domain/membership/models/main.go:104.57,105.39 1 1
github.com/chack-check/organizations-service/domain/membership/models/main.go:105.39,107.4 1 1
github.com/chack-check/organizations-service/domain/membership/models/main.go:110.2,110.14 1 1
github.com/chack-check/organizations-service/domain/membership/models/main.go:113.64,114.41 1 1
github.com/chack-check/organizations-service/domain/membership/models/main.go:114.41,115.104 1 1
github.com/chack-check/organizations-service/domain/membership/models/main.go:115.104,115.129 1 1
github.com/chack-check/organizations-service/domain/membership/models/main.go:116.3,116.68 1 1
github.com/chack-check/organizations-service/domain/membership/models/main.go:116.68,117.12 1 1
github.com/chack-check/organizations-service/domain/membership/models/main.go:120.3,120.62 1 1
github.com/chack-check/organizations-service/domain/membership/models/main.go:124.64,126.2 1 1
github.com/chack-check/organizations-service/domain/membership/models/main.go:128.67,130.44 2 0
github.com/chack-check/organizations-service/domain/membership/models/main.go:130.44,131.99 1 0
github.com/chack-check/organizations-service/domain/membership/models/main.go:131.99,131.124 1 0
github.com/chack-check/organizations-service/domain/membership/models/main.go:132.3,132.70 1 0
github.com/chack-check/organizations-service/domain/membership/models/main.go:132.70,133.12 1 0
github.com/chack-check/organizations-service/domain/membership/models/main.go:136.3,136.54 1 0
github.com/chack-check/organizations-service/domain/membership/models/main.go:139.2,139.37 1 0
github.com/chack-check/organizations-service/domain/membership/models/main.go:148.46,150.2 1 0
github.com/chack-check/organizations-service/domain/membership/models/main.go:152.46,154.2 1 0
github.com/chack-check/organizations-service/domain/membership/models/main.go:156.59,158.2 1 0
github.com/chack-check/organizations-service/domain/membership/models/main.go:166.46,168.2 1 0
github.com/chack-check/organizations-service/domain/membership/models/main.go:170.46,172.2 1 0
github.com/chack-check/organizations-service/domain/membership/models/main.go:174.59,176.2 1 0
github.com/chack-check/organizations-service/domain/membership/models/main.go:178.73,183.2 1 1
github.com/chack-check/organizations-service/domain/membership/models/main.go:185.87,191.2 1 1
github.com/chack-check/organizations-service/domain/membership/models/main.go:193.79,200.2 1 1
github.com/chack-check/organizations-service/domain/membership/models/main.go:202.73,208.2 1 1
github.com/chack-check/organizations-service/domain/organizations/handlers.go:38.118,40.17 2 1
github.com/chack-check/organizations-service/domain/organizations/handlers.go:40.17,42.21 2 1
github.com/chack-check/organizations-service/domain/organizations/handlers.go:42.21,44.4 1 0
github.com/chack-check/organizations-service/domain/organizations/handlers.go:46.3,47.17 2 1
github.com/chack-check/organizations-service/domain/organizations/handlers.go:47.17,49.4 1 0
github.com/chack-check/organizations-service/domain/organizations/handlers.go:51.3,51.22 1 1
github.com/chack-check/organizations-service/domain/organizations/handlers.go:54.2,54.25 1 1
github.com/chack-check/organizations-service/domain/organizations/handlers.go:57.111,60.16 3 1
github.com/chack-check/organizations-service/domain/organizations/handlers.go:60.16,62.3 1 0
github.com/chack-check/organizations-service/domain/organizations/handlers.go:64.2,64.23 1 1
github.com/chack-check/organizations-service/domain/organizations/handlers.go:67.110,70.16 3 1
github.com/chack-check/organizations-service/domain/organizations/handlers.go:70.16,72.3 1 0
github.com/chack-check/organizations-service/domain/organizations/handlers.go:74.2,74.23 1 1
github.com/chack-check/organizations-service/domain/organizations/handlers.go:77.110,80.16 3 1
github.com/chack-check/organizations-service/domain/organizations/handlers.go:80.16,82.3 1 0
github.com/chack-check/organizations-service/domain/organizations/handlers.go:84.2,84.23 1 1
github.com/chack-check/organizations-service/domain/organizations/handlers.go:87.110,89.16 2 1
github.com/chack-check/organizations-service/domain/organizations/handlers.go:89.16,91.3 1 0
github.com/chack-check/organizations-service/domain/organizations/handlers.go:93.2,94.16 2 1
github.com/chack-check/organizations-service/domain/organizations/handlers.go:94.16,96.3 1 0
github.com/chack-check/organizations-service/domain/organizations/handlers.go:98.2,99.16 2 1
github.com/chack-check/organizations-service/domain/organizations/handlers.go:99.16,101.3 1 0
github.com/chack-check/organizations-service/domain/organizations/handlers.go:103.2,103.23 1 1
github.com/chack-check/organizations-service/domain/organizations/handlers.go:106.160,108.16 2 1
github.com/chack-check/organizations-service/domain/organizations/handlers.go:108.16,110.3 1 0
github.com/chack-check/organizations-service/domain/organizations/handlers.go:112.2,113.69 2 1
github.com/chack-check/organizations-service/domain/organizations/handlers.go:113.69,115.3 1 0
github.com/chack-check/organizations-service/domain/organizations/handlers.go:117.2,118.16 2 1
github.com/chack-check/organizations-service/domain/organizations/handlers.go:118.16,120.3 1 0
github.com/chack-check/organizations-service/domain/organizations/handlers.go:122.2,134.16 3 1
github.com/chack-check/organizations-service/domain/organizations/handlers.go:134.16,136.3 1 0
github.com/chack-check/organizations-service/domain/organizations/handlers.go:138.2,139.16 2 1
github.com/chack-check/organizations-service/domain/organizations/handlers.go:139.16,141.3 1 0
github.com/chack-check/organizations-service/domain/organizations/handlers.go:142.2,145.16 4 1
github.com/chack-check/organizations-service/domain/organizations/handlers.go:145.16,147.3 1 0
github.com/chack-check/organizations-service/domain/organizations/handlers.go:149.2,150.31 2 1
github.com/chack-check/organizations-service/domain/organizations/handlers.go:157.69,160.2 2 0
github.com/chack-check/organizations-service/domain/organizations/handlers.go:166.99,169.2 2 0
github.com/chack-check/organizations-service/domain/organizations/handlers.go:175.180,177.25 2 0
github.com/chack-check/organizations-service/domain/organizations/handlers.go:177.25,179.3 1 0
github.com/chack-check/organizations-service/domain/organizations/handlers.go:181.2,183.43 3 0
github.com/chack-check/organizations-service/domain/organizations/handlers.go:183.43,185.3 1 0
github.com/chack-check/organizations-service/domain/organizations/handlers.go:187.2,188.16 2 0
github.com/chack-check/organizations-service/domain/organizations/handlers.go:188.16,190.3 1 0
github.com/chack-check/organizations-service/domain/organizations/handlers.go:192.2,192.31 1 0
github.com/chack-check/organizations-service/domain/organizations/handlers.go:200.143,202.25 2 0
github.com/chack-check/organizations-service/domain/organizations/handlers.go:202.25,204.3 1 0
github.com/chack-check/organizations-service/domain/organizations/handlers.go:206.2,207.19 2 0
github.com/chack-check/organizations-service/domain/organizations/handlers.go:207.19,209.3 1 0
github.com/chack-check/organizations-service/domain/organizations/handlers.go:211.2,211.112 1 0
github.com/chack-check/organizations-service/domain/organizations/handlers.go:211.112,213.3 1 0
github.com/chack-check/organizations-service/domain/organizations/handlers.go:215.2,216.51 2 0
github.com/chack-check/organizations-service/domain/organizations/handlers.go:216.51,217.35 1 0
github.com/chack-check/organizations-service/domain/organizations/handlers.go:217.35,218.12 1 0
github.com/chack-check/organizations-service/domain/organizations/handlers.go:221.3,221.59 1 0
github.com/chack-check/organizations-service/domain/organizations/handlers.go:221.59,223.4 1 0
github.com/chack-check/organizations-service/domain/organizations/handlers.go:226.2,228.16 3 0
github.com/chack-check/organizations-service/domain/organizations/handlers.go:228.16,230.3 1 0
github.com/chack-check/organizations-service/domain/organizations/handlers.go:232.2,232.31 1 0
github.com/chack-check/organizations-service/domain/organizations/handlers.go:240.92,242.25 2 0
github.com/chack-check/organizations-service/domain/organizations/handlers.go:242.25,244.3 1 0
github.com/chack-check/organizations-service/domain/organizations/handlers.go:246.2,246.41 1 0
github.com/chack-check/organizations-service/domain/organizations/handlers.go:246.41,248.3 1 0
github.com/chack-check/organizations-service/domain/organizations/handlers.go:250.2,252.16 3 0
github.com/chack-check/organizations-service/domain/organizations/handlers.go:252.16,254.3 1 0
github.com/chack-check/organizations-service/domain/organizations/handlers.go:256.2,257.12 2 0
github.com/chack-check/organizations-service/domain/organizations/handlers.go:265.122,267.25 2 0
github.com/chack-check/organizations-service/domain/organizations/handlers.go:267.25,269.3 1 0
github.com/chack-check/organizations-service/domain/organizations/handlers.go:271.2,271.41 1 0
github.com/chack-check/organizations-service/domain/organizations/handlers.go:271.41,273.3 1 0
github.com/chack-check/organizations-service/domain/organizations/handlers.go:275.2,277.16 3 0
github.com/chack-check/organizations-service/domain/organizations/handlers.go:277.16,279.3 1 0
github.com/chack-check/organizations-service/domain/organizations/handlers.go:281.2,282.31 2 0
github.com/chack-check/organizations-service/domain/organizations/handlers.go:292.169,294.25 2 0
github.com/chack-check/organizations-service/domain/organizations/handlers.go:294.25,296.3 1 0
github.com/chack-check/organizations-service/domain/organizations/handlers.go:298.2,299.19 2 0
github.com/chack-check/organizations-service/domain/organizations/handlers.go:299.19,301.3 1 0
github.com/chack-check/organizations-service/domain/organizations/handlers.go:303.2,303.114 1 0
github.com/chack-check/organizations-service/domain/organizations/handlers.go:303.114,305.3 1 0
github.com/chack-check/organizations-service/domain/organizations/handlers.go:307.2,307.22 1 0
github.com/chack-check/organizations-service/domain/organizations/handlers.go:307.22,309.3 1 0
github.com/chack-check/organizations-service/domain/organizations/handlers.go:309.8,310.59 1 0
github.com/chack-check/organizations-service/domain/organizations/handlers.go:310.59,312.4 1 0
github.com/chack-check/organizations-service/domain/organizations/handlers.go:313.3,314.17 2 0
github.com/chack-check/organizations-service/domain/organizations/handlers.go:314.17,316.4 1 0
github.com/chack-check/organizations-service/domain/organizations/handlers.go:318.3,318.36 1 0
github.com/chack-check/organizations-service/domain/organizations/handlers.go:321.2,322.16 2 0
github.com/chack-check/organizations-service/domain/organizations/handlers.go:322.16,324.3 1 0
github.com/chack-check/organizations-service/domain/organizations/handlers.go:326.2,327.31 2 0
github.com/chack-check/organizations-service/domain/organizations/handlers.go:336.29,344.2 1 1
github.com/chack-check/organizations-service/domain/organizations/handlers.go:346.121,348.2 1 0
github.com/chack-check/organizations-service/domain/organizations/handlers.go:350.121,352.2 1 0
github.com/chack-check/organizations-service/domain/organizations/handlers.go:354.117,356.2 1 0
github.com/chack-check/organizations-service/domain/organizations/test_adapters.go:10.136,12.2 1 1
github.com/chack-check/organizations-service/domain/organizations/test_adapters.go:14.122,31.2 4 0
github.com/chack-check/organizations-service/domain/organizations/test_adapters.go:33.133,49.2 5 0
github.com/chack-check/organizations-service/domain/organizations/test_adapters.go:51.77,53.2 1 1
github.com/chack-check/organizations-service/domain/organizations/test_adapters.go:57.118,58.2 0 1
github.com/chack-check/organizations-service/domain/organizations/test_adapters.go:60.118,61.2 0 0
github.com/chack-check/organizations-service/domain/organizations/test_adapters.go:63.122,64.2 0 0
github.com/chack-check/organizations-service/domain/organizations/test_adapters.go:66.120,67.2 0 0
github.com/chack-check/organizations-service/domain/organizations/test_adapters.go:71.136,74.2 2 1
github.com/chack-check/organizations-service/domain/files/models/main.go:10.47,12.2 1 1
github.com/chack-check/organizations-service/domain/files/models/main.go:14.52,16.2 1 1
github.com/chack-check/organizations-service/domain/files/models/main.go:18.49,20.2 1 1
github.com/chack-check/organizations-service/domain/files/models/main.go:22.54,24.2 1 1
github.com/chack-check/organizations-service/domain/files/models/main.go:33.48,35.2 1 0
github.com/chack-check/organizations-service/domain/files/models/main.go:37.53,39.2 1 0
github.com/chack-check/organizations-service/domain/files/models/main.go:41.54,43.2 1 0
github.com/chack-check/organizations-service/domain/files/models/main.go:45.59,47.2 1 0
github.com/chack-check/organizations-service/domain/files/models/main.go:54.60,56.2 1 0
github.com/chack-check/organizations-service/domain/files/models/main.go:58.62,60.2 1 0
github.com/chack-check/organizations-service/domain/files/models/main.go:62.115,69.2 1 0
github.com/chack-check/organizations-service/domain/files/models/main.go:71.95,76.2 1 0
github.com/chack-check/organizations-service/domain/files/models/main.go:78.123,85.2 1 1
github.com/chack-check/organizations-service/domain/organizations/models/main.go:25.54,27.2 1 0
github.com/chack-check/organizations-service/domain/organizations/models/main.go:29.60,31.2 1 0
github.com/chack-check/organizations-service/domain/organizations/models/main.go:33.64,35.2 1 0
github.com/chack-check/organizations-service/domain/organizations/models/main.go:37.75,39.2 1 0
github.com/chack-check/organizations-service/domain/organizations/models/main.go:47.54,49.2 1 0
github.com/chack-check/organizations-service/domain/organizations/models/main.go:51.60,53.2 1 0
github.com/chack-check/organizations-service/domain/organizations/models/main.go:55.64,57.2 1 0
github.com/chack-check/organizations-service/domain/organizations/models/main.go:65.73,67.2 1 0
github.com/chack-check/organizations-service/domain/organizations/models/main.go:69.67,71.2 1 0
github.com/chack-check/organizations-service/domain/organizations/models/main.go:73.70,75.2 1 0
github.com/chack-check/organizations-service/domain/organizations/models/main.go:90.46,92.2 1 1
github.com/chack-check/organizations-service/domain/organizations/models/main.go:94.52,96.2 1 1
github.com/chack-check/organizations-service/domain/organizations/models/main.go:98.61,100.2 1 1
github.com/chack-check/organizations-service/domain/organizations/models/main.go:102.58,104.2 1 1
github.com/chack-check/organizations-service/domain/organizations/models/main.go:106.73,108.2 1 1
github.com/chack-check/organizations-service/domain/organizations/models/main.go:110.59,112.2 1 1
github.com/chack-check/organizations-service/domain/organizations/models/main.go:114.65,116.2 1 1
github.com/chack-check/organizations-service/domain/organizations/models/main.go:118.67,120.2 1 0
github.com/chack-check/organizations-service/domain/organizations/models/main.go:122.74,124.2 1 0
github.com/chack-check/organizations-service/domain/organizations/models/main.go:126.62,128.2 1 1
github.com/chack-check/organizations-service/domain/organizations/models/main.go:130.68,132.2 1 1
github.com/chack-check/organizations-service/domain/organizations/models/main.go:134.62,136.2 1 1
github.com/chack-check/organizations-service/domain/organizations/models/main.go:138.70,140.2 1 1
github.com/chack-check/organizations-service/domain/organizations/models/main.go:142.73,144.2 1 1
github.com/chack-check/organizations-service/domain/organizations/models/main.go:146.81,148.33 2 1
github.com/chack-check/organizations-service/domain/organizations/models/main.go:148.33,149.101 1 1
github.com/chack-check/organizations-service/domain/organizations/models/main.go:149.101,149.125 1 1
github.com/chack-check/organizations-service/domain/organizations/models/main.go:150.3,150.54 1 1
github.com/chack-check/organizations-service/domain/organizations/models/main.go:150.54,151.12 1 1
github.com/chack-check/organizations-service/domain/organizations/models/main.go:154.3,154.42 1 1
github.com/chack-check/organizations-service/domain/organizations/models/main.go:157.2,157.35 1 1
github.com/chack-check/organizations-service/domain/organizations/models/main.go:160.81,162.2 1 1
github.com/chack-check/organizations-service/domain/organizations/models/main.go:164.84,166.46 2 1
github.com/chack-check/organizations-service/domain/organizations/models/main.go:166.46,167.99 1 1
github.com/chack-check/organizations-service/domain/organizations/models/main.go:167.99,167.126 1 1
github.com/chack-check/organizations-service/domain/organizations/models/main.go:168.3,168.63 1 1
github.com/chack-check/organizations-service/domain/organizations/models/main.go:168.63,170.4 1 1
github.com/chack-check/organizations-service/domain/organizations/models/main.go:173.2,173.35 1 1
github.com/chack-check/organizations-service/domain/organizations/models/main.go:176.51,178.2 1 1
github.com/chack-check/organizations-service/domain/organizations/models/main.go:180.69,182.2 1 1
github.com/chack-check/organizations-service/domain/organizations/models/main.go:184.76,186.2 1 1
github.com/chack-check/organizations-service/domain/organizations/models/main.go:188.225,200.2 1 1
github.com/chack-check/organizations-service/domain/organizations/models/main.go:202.127,208.2 1 0
github.com/chack-check/organizations-service/domain/organizations/models/main.go:215.26,222.2 1 0
github.com/chack-check/organizations-service/domain/organizations/models/main.go:228.26,234.2 1 0
